<?xml version="1.0" encoding="UTF-8"?>
<!-- Generated by org.testng.reporters.JUnitXMLReporter -->
<testsuite ignored="0" hostname="PRADEEP" failures="0" tests="4" name="Test" time="2.963" errors="0" timestamp="2023-07-10T04:19:26 IST">
  <testcase classname="apichaining.CreateUser" name="testCreateUser" time="2.159"/>
  <testcase classname="apichaining.GetUser" name="testGetUser" time="0.261"/>
  <testcase classname="apichaining.UpdateUser" name="testUpdateUser" time="0.223"/>
  <testcase classname="apichaining.DeleteUser" name="testDeleteUSer" time="0.255"/>
</testsuite> <!-- Test -->
